<?xml version="1.0" encoding="UTF-8"?>
<!-- Generated by org.testng.reporters.JUnitXMLReporter -->
<testsuite ignored="0" hostname="KiranPatil" failures="0" tests="2" name="Default test" time="0.126" errors="0" timestamp="2025-08-20T17:01:05 IST">
  <testcase classname="com.example.testngproject.OpenMRSWebsiteTesting.MyTest" name="testFail" time="0.023">
    <skipped/>
  </testcase> <!-- testFail -->
  <testcase classname="com.example.testngproject.OpenMRSWebsiteTesting.MyTest" name="testSuccess" time="0.003"/>
</testsuite> <!-- Default test -->
