<?xml version="1.0" encoding="UTF-8"?>
<testng-results ignored="0" total="1" passed="1" failed="0" skipped="0">
  <reporter-output>
  </reporter-output>
  <suite started-at="2025-08-19T09:36:41 IST" name="Default suite" finished-at="2025-08-19T09:36:41 IST" duration-ms="105">
    <groups>
    </groups>
    <test started-at="2025-08-19T09:36:41 IST" name="Default test" finished-at="2025-08-19T09:36:41 IST" duration-ms="105">
      <class name="com.example.testngproject.TestMySqlwithSelenium.TestMySQLusingTestNG">
        <test-method is-config="true" signature="setUp()[pri:0, instance:com.example.testngproject.TestMySqlwithSelenium.TestMySQLusingTestNG@7b2bbc3]" started-at="2025-08-19T09:36:41 IST" name="setUp" finished-at="2025-08-19T09:36:41 IST" duration-ms="35" status="PASS">
          <reporter-output>
          </reporter-output>
        </test-method> <!-- setUp -->
        <test-method signature="loginTest()[pri:0, instance:com.example.testngproject.TestMySqlwithSelenium.TestMySQLusingTestNG@7b2bbc3]" started-at="2025-08-19T09:36:41 IST" name="loginTest" finished-at="2025-08-19T09:36:41 IST" duration-ms="12" status="PASS">
          <reporter-output>
          </reporter-output>
        </test-method> <!-- loginTest -->
        <test-method is-config="true" signature="tearDown()[pri:0, instance:com.example.testngproject.TestMySqlwithSelenium.TestMySQLusingTestNG@7b2bbc3]" started-at="2025-08-19T09:36:41 IST" name="tearDown" finished-at="2025-08-19T09:36:41 IST" duration-ms="1" status="PASS">
          <reporter-output>
          </reporter-output>
        </test-method> <!-- tearDown -->
      </class> <!-- com.example.testngproject.TestMySqlwithSelenium.TestMySQLusingTestNG -->
    </test> <!-- Default test -->
  </suite> <!-- Default suite -->
</testng-results>
